2024-05-27 19:39:47,184 Fetched new price data: 103.5
2024-05-27 19:39:47,185 Fetched new price data: 103.5
2024-05-27 19:39:47,185 Fetched new price data: 103.5
2024-05-27 19:39:47,185 Fetched new price data: 103.5
2024-05-27 19:39:47,185 Fetched new price data: 103.5
2024-05-27 19:39:47,185 Fetched new price data: 103.5
2024-05-27 19:39:47,185 Fetched new price data: 103.5
2024-05-27 19:39:47,185 Fetched new price data: 103.5
2024-05-27 19:39:47,185 Fetched new price data: 103.5
2024-05-27 19:39:47,185 Fetched new price data: 103.5
2024-05-27 19:40:25,531 Fetched new price data: 102.5
2024-05-27 19:40:25,532 Fetched new price data: 102.5
2024-05-27 19:40:25,532 Fetched new price data: 102.5
2024-05-27 19:40:25,532 Fetched new price data: 102.5
2024-05-27 19:40:25,532 Fetched new price data: 102.5
2024-05-27 19:40:25,532 Fetched new price data: 102.5
2024-05-27 19:40:25,532 Fetched new price data: 102.5
2024-05-27 19:40:25,532 Fetched new price data: 102.5
2024-05-27 19:40:25,532 Fetched new price data: 102.5
2024-05-27 19:40:25,532 Fetched new price data: 102.5
2024-05-27 19:40:35,573 Fetched new price data: 107.5
2024-05-27 19:40:35,573 Fetched new price data: 107.5
2024-05-27 19:40:35,573 Fetched new price data: 107.5
2024-05-27 19:40:35,573 Fetched new price data: 107.5
2024-05-27 19:40:35,573 Fetched new price data: 107.5
2024-05-27 19:40:35,573 Fetched new price data: 107.5
2024-05-27 19:40:35,573 Fetched new price data: 107.5
2024-05-27 19:40:35,573 Fetched new price data: 107.5
2024-05-27 19:40:35,573 Fetched new price data: 107.5
2024-05-27 19:40:35,573 Fetched new price data: 107.5
2024-05-28 03:01:32,429 Fetched new price data: 106.0
2024-05-28 03:01:32,430 Fetched new price data: 106.0
2024-05-28 03:01:32,430 Fetched new price data: 106.0
2024-05-28 03:01:32,430 Fetched new price data: 106.0
2024-05-28 03:01:32,430 Fetched new price data: 106.0
2024-05-28 03:01:32,430 Fetched new price data: 106.0
2024-05-28 03:01:32,430 Fetched new price data: 106.0
2024-05-28 03:01:32,430 Fetched new price data: 106.0
2024-05-28 03:01:32,430 Fetched new price data: 106.0
2024-05-28 03:01:32,430 Fetched new price data: 106.0
2024-05-28 03:03:17,654 Fetched new price data: 110.6
2024-05-28 03:03:17,654 Generated signal: hold
2024-05-28 03:03:17,654 Fetched new price data: 110.6
2024-05-28 03:03:17,655 Generated signal: hold
2024-05-28 03:03:17,655 Fetched new price data: 110.6
2024-05-28 03:03:17,655 Generated signal: hold
2024-05-28 03:03:17,655 Fetched new price data: 110.6
2024-05-28 03:03:17,655 Generated signal: hold
2024-05-28 03:03:17,655 Fetched new price data: 110.6
2024-05-28 03:03:17,655 Short Avg: 110.59999999999998, Long Avg: 110.6, Current Price: 110.6
2024-05-28 03:03:17,655 Generated signal: sell
2024-05-28 03:03:17,655 Executing sell for 100 units using Simple Moving Average Strategy at 2024-05-28 03:03:17.655317
2024-05-28 03:03:17,655 Placed sell order for 100 units.
2024-05-28 03:03:17,655 Fetched new price data: 110.6
2024-05-28 03:03:17,655 Short Avg: 110.59999999999998, Long Avg: 110.6, Current Price: 110.6
2024-05-28 03:03:17,655 Generated signal: sell
2024-05-28 03:03:17,655 Executing sell for 100 units using Simple Moving Average Strategy at 2024-05-28 03:03:17.655466
2024-05-28 03:03:17,655 Placed sell order for 100 units.
2024-05-28 03:03:17,655 Fetched new price data: 110.6
2024-05-28 03:03:17,655 Short Avg: 110.59999999999998, Long Avg: 110.6, Current Price: 110.6
2024-05-28 03:03:17,655 Generated signal: sell
2024-05-28 03:03:17,655 Executing sell for 100 units using Simple Moving Average Strategy at 2024-05-28 03:03:17.655580
2024-05-28 03:03:17,655 Placed sell order for 100 units.
2024-05-28 03:03:17,655 Fetched new price data: 110.6
2024-05-28 03:03:17,655 Short Avg: 110.59999999999998, Long Avg: 110.6, Current Price: 110.6
2024-05-28 03:03:17,655 Generated signal: sell
2024-05-28 03:03:17,655 Executing sell for 100 units using Simple Moving Average Strategy at 2024-05-28 03:03:17.655796
2024-05-28 03:03:17,655 Placed sell order for 100 units.
2024-05-28 03:03:17,655 Fetched new price data: 110.6
2024-05-28 03:03:17,655 Short Avg: 110.59999999999998, Long Avg: 110.6, Current Price: 110.6
2024-05-28 03:03:17,655 Generated signal: sell
2024-05-28 03:03:17,655 Executing sell for 100 units using Simple Moving Average Strategy at 2024-05-28 03:03:17.655915
2024-05-28 03:03:17,655 Placed sell order for 100 units.
2024-05-28 03:03:17,655 Fetched new price data: 110.6
2024-05-28 03:03:17,655 Short Avg: 110.59999999999998, Long Avg: 110.6, Current Price: 110.6
2024-05-28 03:03:17,655 Generated signal: sell
2024-05-28 03:03:17,656 Executing sell for 100 units using Simple Moving Average Strategy at 2024-05-28 03:03:17.656007
2024-05-28 03:03:17,656 Placed sell order for 100 units.
2024-05-28 03:11:38,861 Fetched new price data: 190.0
2024-05-28 03:11:38,861 Generated signal: hold
2024-05-28 03:11:38,885 Fetched new price data: 190.0
2024-05-28 03:11:38,886 Generated signal: hold
2024-05-28 03:11:38,916 Fetched new price data: 190.0
2024-05-28 03:11:38,916 Generated signal: hold
2024-05-28 03:11:38,971 Fetched new price data: 190.0
2024-05-28 03:11:38,975 Generated signal: hold
2024-05-28 03:11:38,999 Fetched new price data: 190.0
2024-05-28 03:11:38,999 Short Avg: 190.0, Long Avg: 190.0, Current Price: 190.0
2024-05-28 03:11:38,999 Generated signal: hold
2024-05-28 03:11:39,027 Fetched new price data: 190.0
2024-05-28 03:11:39,028 Short Avg: 190.0, Long Avg: 190.0, Current Price: 190.0
2024-05-28 03:11:39,028 Generated signal: hold
2024-05-28 03:11:39,054 Fetched new price data: 190.0
2024-05-28 03:11:39,054 Short Avg: 190.0, Long Avg: 190.0, Current Price: 190.0
2024-05-28 03:11:39,054 Generated signal: hold
2024-05-28 03:11:39,080 Fetched new price data: 190.0
2024-05-28 03:11:39,080 Short Avg: 190.0, Long Avg: 190.0, Current Price: 190.0
2024-05-28 03:11:39,080 Generated signal: hold
2024-05-28 03:11:39,106 Fetched new price data: 190.0
2024-05-28 03:11:39,106 Short Avg: 190.0, Long Avg: 190.0, Current Price: 190.0
2024-05-28 03:11:39,106 Generated signal: hold
2024-05-28 03:11:39,131 Fetched new price data: 190.0
2024-05-28 03:11:39,131 Short Avg: 190.0, Long Avg: 190.0, Current Price: 190.0
2024-05-28 03:11:39,131 Generated signal: hold
